Vivado Simulator v2023.2
Copyright 1986-2022 Xilinx, Inc. All Rights Reserved.
Copyright 2022-2023 Advanced Micro Devices, Inc. All Rights Reserved.
Running: /home/vega/software/xininx/Vivado/2023.2/bin/unwrapped/lnx64.o/xelab --incr --debug typical --relax --mt 8 -L xil_defaultlib -L secureip --snapshot cfg_tb_top_behav xil_defaultlib.cfg_tb_top -log elaborate.log 
Using 8 slave threads.
Starting static elaboration
Completed static elaboration
Starting simulation data flow analysis
Completed simulation data flow analysis
Time Resolution for simulation is 1ps
Compiling package std.standard
Compiling package std.textio
Compiling package ieee.std_logic_1164
Compiling package ieee.std_logic_arith
Compiling package ieee.std_logic_unsigned
Compiling package ieee.math_real
Compiling package ieee.numeric_std
Compiling architecture behavioral of entity xil_defaultlib.bin2seg [bin2seg_default]
Compiling architecture behavioral of entity xil_defaultlib.clock_enable [clock_enable_default]
Compiling architecture behavioral of entity xil_defaultlib.counter [\counter(n=3)\]
Compiling architecture behavioral of entity xil_defaultlib.counter [\counter(n=16)\]
Compiling architecture behavioral of entity xil_defaultlib.counter [\counter(n=8)\]
Compiling architecture behavioral of entity xil_defaultlib.stepper [stepper_default]
Compiling architecture behavioral of entity xil_defaultlib.top [top_default]
Compiling architecture tb of entity xil_defaultlib.tb_top [tb_top]
Built simulation snapshot cfg_tb_top_behav
